l_loc = 0
 Call psgen
./psgen - done: output
log.out
ncpp.aep
ncpp.cpi
ncpp.dat
ncpp.fc
ncpp.ini
pseudo0.dat
pseudo1.dat
pseudo2.dat
xv.ncpp.ae_wfct.agr
xv.ncpp.density.agr
xv.ncpp.ps_ae_wfct.agr
xv.ncpp.pspot_i.agr
xv.ncpp.pspot_s.agr
xv.ncpp.unscreen.agr
 Call pswatch
#info ./pswatch ncpp 06:47:52 ene 03 2020 dani

fhi pseudopotential tool pslp - version rev270603B

               chemical symbol  Ca      
                nuclear charge  20.00
   number of valence electrons   2.00
      number of valence states   1
    exchange-correlation model   9  GGA X Becke C Lee/Yang/Parr             
        parameters radial mesh   511    1.024700  0.312500E-03
  input pseudopotentials up to   d

          === pseudo atom (Hartree a.u.) ===

<        n     l   occupation  eigenvalue(eV)  potential energy
<  1     1     0      2.0000       -3.6145        -0.50377
 
                  total energy      -0.64776
                kinetic energy       0.16335
  ionic pseudopotential energy      -1.00754
                hartree energy       0.45083
                     xc energy      -0.25440
        local potential energy      -1.00754
           xc potential energy      -0.32313
    integrated valence density       2.00000
          number of iterations            21   convergence  0.0E+00
                  y range plot        -3   1   1
 
 pslp - pseudoatom done - now testing

 --- assuming scalar-relativistic all-electron atom ---

 --- s component taken as local potential ---
 --- input wavefunctions used for kb potentials ---

 --- kb potentials: spectrum of bound states (eV) ---

            l          e0            e1            e2
  Write vkb L=           0  to vkb0.dat                                . [a.u.]
  Write vkb L=           1  to vkb1.dat                                . [a.u.]
 call klbyii
 end call klbyii
semilocal   1       -1.2274        0.0000        0.0000
 call klbyii
 end call klbyii
nonlocal    1       -1.2267        0.0000        0.0000
  Write vkb L=           2  to vkb2.dat                                . [a.u.]
 call klbyii
 end call klbyii
semilocal   2       -1.6481        0.0000        0.0000
 call klbyii
 end call klbyii
nonlocal    2       -1.7392        0.0000        0.0000

 --- analysis of kb potentials: p waves  ---

 --- searching reference state ---
 & dftseq - no bound state found (iter): e=>0 n l           3           1
 note: for the local potential no bound excited p state
       is found, the ghost state analysis will assume
       a zero 1st excited state energy (variable eloc1)

 * no ghost (ekb > 0, eloc0 < eref < eloc1)
 
                     kb cosine        0.2098
                     kb energy        9.5307 eV      ekb
   local potential groundstate       -1.4957 eV    eloc0
        dto. 1st excited state        0.0000 eV    eloc1
              reference energy       -1.2368 eV     eref

 --- analysis of kb potentials: d waves  ---

 --- searching reference state ---
 & dftseq - no bound state found (iter): e=>0 n l           3           2
 note: for the local potential no bound d state is
       found, the ghost state analysis will assume
       a zero groundstate energy (variable eloc0)

 & dftseq - no bound state found (iter): e=>0 n l           4           2
 note: for the local potential no bound excited d state
       is found, the ghost state analysis will assume
       a zero 1st excited state energy (variable eloc1)

 * no ghost (ekb < 0, eref < eloc0)
 
                     kb cosine       -0.4980
                     kb energy      -56.0313 eV      ekb
   local potential groundstate        0.0000 eV    eloc0
        dto. 1st excited state        0.0000 eV    eloc1
              reference energy       -1.6485 eV     eref

 --- logarithmic derivatives: at radius = 4.4542 ---

 --- nonlocal potentials ---
 --- all-electron potential ---
 --- semilocal potentials ---

 --- kinetic energy convergence in momentum space ---

     l  n  bracket   cutoff    norm   kinet. energy
            (eV)      (Ry)               (Hartree)
ck   0     1.0E+00      0   0.867004   0.473467E-01
ck   0     1.0E-01      3   0.998389   0.787349E-01
ck   0     1.0E-02      5   0.999917   0.813178E-01
ck   0     1.0E-03     12   0.999995   0.816436E-01
cx   0  1                   1.000000   0.816762E-01

 --- coulomb tail of pseudopotentials ---
     Tolerance 1.0E-03 is met for
     l= 1 at radii >   3.243
     l= 2 at radii >   3.755
     l= 3 at radii >   3.943

 --- done & exiting ---
./pswatch - done: output
log.out
xv.ncpp.lder_sd.agr
qlclATOMIC.dat
vkb2.dat
vkb1.dat
vkb0.dat
lmaxNlloc.dat
 Call linear
  This code is to transform the output of psgen into
  a linear grid format.
  Ready to open ncpp.ini
 20.00   5   1   9   0.00
   1   0   0.00
   2   0   0.00
   2   0   0.00
   3   0   0.00
   3   0   0.00
   4   0   0.00
 Lmax =           2
 PP =  
  get lmax and L_loc from lmaxNlloc.dat
  lmax=           2  L_loc=           0
           0  pseudo0.dat                   vpplinear0.dat                
 psilinear0.dat                
           1  pseudo1.dat                   vpplinear1.dat                
 psilinear1.dat                
           2  pseudo2.dat                   vpplinear2.dat                
 psilinear2.dat                
 	First: local part vpplinear_loc.dat   
   read from foutl(l_loc)=pseudo0.dat                   
  Ready to open 21
   
  read in nr points=         512
  rmax=   41.9552629067151       in Ang units.
  Ready to open 22
  Ready to open 23
  
 	Second: non-local part 
   
  
  L value=           0
  This is local. We set vnl=0
 		vpplinear0.dat                
  Ready to open New 21
   
  read in nr points=         512
  rmax=   41.9552629067151       in Ang units.
  Ready to open 12
  
  L value=           1
 		vpplinear1.dat                
  Ready to open New 21
   
  read in nr points=         512
  rmax=   41.9552629067151       in Ang units.
  Ready to open 12
  
  L value=           2
 		vpplinear2.dat                
  Ready to open New 21
   
  read in nr points=         512
  rmax=   41.9552629067151       in Ang units.
  Ready to open 12
   
  Done with linear. Bye now.
   
   
                       WELCOME
  PROGRAM QLG grid: Bessel transform of NON-LOCAL separable QL potential
   
  
  cl(L)=  0.000000000000000E+000  1/Hartree
  cl(L)=   64.8478313000000       1/Hartree
  cl(L)=  -1.95839580000000       1/Hartree
   LOK=           2
  We read in to L=           2
  Now convert to 1/eV and write to qlcl.dat
  cl(L)=  0.000000000000000E+000
  cl(L)=   2.38309559706523     
  cl(L)= -7.196916712141531E-002
  
   
  Begin Next L value.......................
  L=           0
   
  Use one of the QL data files output from gncpp
  the files are ppkb0.dat or ppkb1.dat or ....
  UPDATE: This program was updated June 25, 1992
  We now read in eV-A units of everything from
  gncpp.f --- No conversions need to be made here!
  vkb0.dat                      
   
  we read in ql(r) in atomic units.
  We now convert to eV,A.
  rLOG(i),qlrLOG=  3.125000000000000E-004  0.000000000000000E+000
  rLOG(i),qlrLOG=  3.202187500000000E-004  0.000000000000000E+000
   
  read in nr points=         512
  rmax=   41.9552629067151       in Ang units.
 L =           0   JJ: NO FF Transform now
   
  Begin Next L value.......................
  L=           1
   
  Use one of the QL data files output from gncpp
  the files are ppkb0.dat or ppkb1.dat or ....
  UPDATE: This program was updated June 25, 1992
  We now read in eV-A units of everything from
  gncpp.f --- No conversions need to be made here!
  vkb1.dat                      
   
  we read in ql(r) in atomic units.
  We now convert to eV,A.
  rLOG(i),qlrLOG=  3.125000000000000E-004 -4.158514651587034E-009
  rLOG(i),qlrLOG=  3.202187500000000E-004 -4.366483324947822E-009
   
  read in nr points=         512
  rmax=   41.9552629067151       in Ang units.
 L =           1   JJ: NO FF Transform now
   
  Begin Next L value.......................
  L=           2
   
  Use one of the QL data files output from gncpp
  the files are ppkb0.dat or ppkb1.dat or ....
  UPDATE: This program was updated June 25, 1992
  We now read in eV-A units of everything from
  gncpp.f --- No conversions need to be made here!
  vkb2.dat                      
   
  we read in ql(r) in atomic units.
  We now convert to eV,A.
  rLOG(i),qlrLOG=  3.125000000000000E-004 -2.315263640161278E-011
  rLOG(i),qlrLOG=  3.202187500000000E-004 -2.491097235607170E-011
   
  read in nr points=         512
  rmax=   41.9552629067151       in Ang units.
 L =           2   JJ: NO FF Transform now
   
  Welcome to mk_pseudoFile.x
  This writes out the final XXX.pp file.
  E.g. 014.pp etc.
   
  Read lmax,L_loc, and L-values from lmaxNlloc.dat
           4           0   2.000000    
  The OUTPUT file:
  It will have a name like 014.pp (Si), 003.pp (Li)
  The output file is:020.pp                        
 nshells =            2
  reading V_local (r):
  ic=       10000
  isafe=         931
  A very close approximation to Z is   2.000006    
  rsafe=   3.902229    
  alpha=   1.025055    
  Reading and saving V_NL(l) (SR)
 L=1 Npoint=  600
 L=2 Npoint=  610
  Reading V^(KB) information
  Reading and saving V^KB(l) (SR)
 L=1 Npoint=  590 cl=     2.3830955
 L=2 Npoint=  600 cl=    -0.0719692
   
  *******************************************
   
  Done with mk_pseudoFile.x
  The OUTPUT file:
  The output file is:020.pp                        
   
  *******************************************
