l_loc = 0
 Call psgen
./psgen - done: output
log.out
ncpp.aep
ncpp.cpi
ncpp.dat
ncpp.fc
ncpp.ini
pseudo0.dat
pseudo1.dat
pseudo2.dat
xv.ncpp.ae_wfct.agr
xv.ncpp.density.agr
xv.ncpp.ps_ae_wfct.agr
xv.ncpp.pspot_i.agr
xv.ncpp.pspot_s.agr
xv.ncpp.unscreen.agr
 Call pswatch
#info ./pswatch ncpp 23:41:16 oct 23 2019 dani

fhi pseudopotential tool pslp - version rev270603B

               chemical symbol  Hg      
                nuclear charge  80.00
   number of valence electrons  12.00
      number of valence states   3
    exchange-correlation model   3  LDA CA Perdew/Zunger 1980               
        parameters radial mesh   567    1.024700  0.781250E-04
  input pseudopotentials up to   d

          === pseudo atom (Hartree a.u.) ===

<        n     l   occupation  eigenvalue(eV)  potential energy
<  1     1     0      2.0000       -7.1723        -4.73397
<  2     3     2     10.0000       -9.8877        -8.92621
<  3     2     1      0.0000       -1.2200         0.00000
 
                  total energy     -40.29010
                kinetic energy      26.23029
  ionic pseudopotential energy     -98.73005
                hartree energy      37.88344
                     xc energy      -5.67378
        local potential energy     -67.35751
           xc potential energy      -7.42791
    integrated valence density      12.00000
          number of iterations            23   convergence  0.0E+00
                  y range plot       -15   1   4
 
 pslp - pseudoatom done - now testing

 --- assuming scalar-relativistic all-electron atom ---

 --- s component taken as local potential ---
 --- input wavefunctions used for kb potentials ---

 --- kb potentials: spectrum of bound states (eV) ---

            l          e0            e1            e2
  Write vkb L=           0  to vkb0.dat                                . [a.u.]
  Write vkb L=           1  to vkb1.dat                                . [a.u.]
 call klbyii
 end call klbyii
semilocal   1       -1.2174        0.0000        0.0000
 call klbyii
 end call klbyii
nonlocal    1       -1.2174        0.0000        0.0000
  Write vkb L=           2  to vkb2.dat                                . [a.u.]
 call klbyii
 end call klbyii
semilocal   2       -9.8877        0.0000        0.0000
 call klbyii
 end call klbyii
nonlocal    2       -9.8876        0.0000        0.0000

 --- analysis of kb potentials: p waves  ---

 & dftseq - no bound state found (iter): e=>0 n l           3           1
 note: for the local potential no bound excited p state
       is found, the ghost state analysis will assume
       a zero 1st excited state energy (variable eloc1)

 * no ghost (ekb > 0, eloc0 < eref < eloc1)
 
                     kb cosine        0.1559
                     kb energy       32.4232 eV      ekb
   local potential groundstate       -2.5851 eV    eloc0
        dto. 1st excited state        0.0000 eV    eloc1
              reference energy       -1.2200 eV     eref

 --- analysis of kb potentials: d waves  ---

 & dftseq - no bound state found (iter): e=>0 n l           3           2
 note: for the local potential no bound d state is
       found, the ghost state analysis will assume
       a zero groundstate energy (variable eloc0)

 & dftseq - no bound state found (iter): e=>0 n l           4           2
 note: for the local potential no bound excited d state
       is found, the ghost state analysis will assume
       a zero 1st excited state energy (variable eloc1)

 * no ghost (ekb < 0, eref < eloc0)
 
                     kb cosine       -0.6801
                     kb energy     -184.5503 eV      ekb
   local potential groundstate        0.0000 eV    eloc0
        dto. 1st excited state        0.0000 eV    eloc1
              reference energy       -9.8877 eV     eref

 --- logarithmic derivatives: at radius = 3.7718 ---

 --- nonlocal potentials ---
 --- all-electron potential ---
 --- semilocal potentials ---

 --- kinetic energy convergence in momentum space ---

     l  n  bracket   cutoff    norm   kinet. energy
            (eV)      (Ry)               (Hartree)
ck   0     1.0E+00      4   0.987349   0.169575E+00
ck   0     1.0E-01      8   0.999389   0.201248E+00
ck   0     1.0E-02     22   0.999973   0.204586E+00
ck   0     1.0E-03     29   0.999998   0.204887E+00
cx   0  1                   1.000000   0.204922E+00

ck   2     1.0E+00     25   0.997263   0.254637E+01
ck   2     1.0E-01     66   0.999900   0.257841E+01
ck   2     1.0E-02     96   0.999993   0.258171E+01
ck   2     1.0E-03    119   1.000000   0.258201E+01
cx   2  3                   1.000000   0.258204E+01

 --- coulomb tail of pseudopotentials ---
     Tolerance 1.0E-03 is met for
     l= 1 at radii >   2.747
     l= 2 at radii >   3.681
     l= 3 at radii >   2.747

 --- done & exiting ---
./pswatch - done: output
log.out
xv.ncpp.lder_sd.agr
qlclATOMIC.dat
vkb2.dat
vkb1.dat
vkb0.dat
lmaxNlloc.dat
 Call linear
  This code is to transform the output of psgen into
  a linear grid format.
  Ready to open ncpp.ini
 80.00  12   3   3   0.00
   1   0   0.00
   2   0   0.00
   2   0   0.00
   3   0   0.00
   3   0   0.00
   4   0   0.00
   3   1   0.00
   4   0   0.00
   5   0   0.00
   4   1   0.00
   5   0   0.00
   4   1   0.00
   6   0   0.00
   5   0   0.00
   6   0   0.00
 Lmax =           2
 PP =  
  get lmax and L_loc from lmaxNlloc.dat
  lmax=           2  L_loc=           0
           0  pseudo0.dat                   vpplinear0.dat                
 psilinear0.dat                
           1  pseudo1.dat                   vpplinear1.dat                
 psilinear1.dat                
           2  pseudo2.dat                   vpplinear2.dat                
 psilinear2.dat                
 	First: local part vpplinear_loc.dat   
   read from foutl(l_loc)=pseudo0.dat                   
  Ready to open 21
   
  read in nr points=         568
  rmax=   41.1285769453672       in Ang units.
  Ready to open 22
  Ready to open 23
  
 	Second: non-local part 
   
  
  L value=           0
  This is local. We set vnl=0
 		vpplinear0.dat                
  Ready to open New 21
   
  read in nr points=         568
  rmax=   41.1285769453672       in Ang units.
  Ready to open 12
  
  L value=           1
 		vpplinear1.dat                
  Ready to open New 21
   
  read in nr points=         568
  rmax=   41.1285769453672       in Ang units.
  Ready to open 12
  
  L value=           2
 		vpplinear2.dat                
  Ready to open New 21
   
  read in nr points=         568
  rmax=   41.1285769453672       in Ang units.
  Ready to open 12
   
  Done with linear. Bye now.
   
   
                       WELCOME
  PROGRAM QLG grid: Bessel transform of NON-LOCAL separable QL potential
   
  
  cl(L)=  0.000000000000000E+000  1/Hartree
  cl(L)=   34.5329064000000       1/Hartree
  cl(L)= -0.318750100000000       1/Hartree
   LOK=           2
  We read in to L=           2
  Now convert to 1/eV and write to qlcl.dat
  cl(L)=  0.000000000000000E+000
  cl(L)=   1.26905118561314     
  cl(L)= -1.171376042415320E-002
  
   
  Begin Next L value.......................
  L=           0
   
  Use one of the QL data files output from gncpp
  the files are ppkb0.dat or ppkb1.dat or ....
  UPDATE: This program was updated June 25, 1992
  We now read in eV-A units of everything from
  gncpp.f --- No conversions need to be made here!
  vkb0.dat                      
   
  we read in ql(r) in atomic units.
  We now convert to eV,A.
  rLOG(i),qlrLOG=  7.812500000000000E-005  0.000000000000000E+000
  rLOG(i),qlrLOG=  8.005468749999999E-005  0.000000000000000E+000
   
  read in nr points=         568
  rmax=   41.1285769453672       in Ang units.
 L =           0   JJ: NO FF Transform now
   
  Begin Next L value.......................
  L=           1
   
  Use one of the QL data files output from gncpp
  the files are ppkb0.dat or ppkb1.dat or ....
  UPDATE: This program was updated June 25, 1992
  We now read in eV-A units of everything from
  gncpp.f --- No conversions need to be made here!
  vkb1.dat                      
   
  we read in ql(r) in atomic units.
  We now convert to eV,A.
  rLOG(i),qlrLOG=  7.812500000000000E-005 -3.903996511778036E-009
  rLOG(i),qlrLOG=  8.005468749999999E-005 -4.099235753973220E-009
   
  read in nr points=         568
  rmax=   41.1285769453672       in Ang units.
 L =           1   JJ: NO FF Transform now
   
  Begin Next L value.......................
  L=           2
   
  Use one of the QL data files output from gncpp
  the files are ppkb0.dat or ppkb1.dat or ....
  UPDATE: This program was updated June 25, 1992
  We now read in eV-A units of everything from
  gncpp.f --- No conversions need to be made here!
  vkb2.dat                      
   
  we read in ql(r) in atomic units.
  We now convert to eV,A.
  rLOG(i),qlrLOG=  7.812500000000000E-005 -2.894570500298157E-012
  rLOG(i),qlrLOG=  8.005468749999999E-005 -3.114399782980162E-012
   
  read in nr points=         568
  rmax=   41.1285769453672       in Ang units.
 L =           2   JJ: NO FF Transform now
   
  Welcome to mk_pseudoFile.x
  This writes out the final XXX.pp file.
  E.g. 014.pp etc.
   
  Read lmax,L_loc, and L-values from lmaxNlloc.dat
           6           0   2.000000    
           5           2   10.00000    
           6           1  0.0000000E+00
  The OUTPUT file:
  It will have a name like 014.pp (Si), 003.pp (Li)
  The output file is:080.pp                        
 nshells =            2
  reading V_local (r):
  ic=       10000
  isafe=         564
  A very close approximation to Z is   12.00002    
  rsafe=   2.315770    
  alpha=   1.727287    
  Reading and saving V_NL(l) (SR)
 L=1 Npoint=  610
 L=2 Npoint=  410
  Reading V^(KB) information
  Reading and saving V^KB(l) (SR)
 L=1 Npoint=  600 cl=     1.2690512
 L=2 Npoint=  400 cl=    -0.0117138
   
  *******************************************
   
  Done with mk_pseudoFile.x
  The OUTPUT file:
  The output file is:080.pp                        
   
  *******************************************
