l_loc = 0
 Call psgen
./psgen - done: output
log.out
ncpp.aep
ncpp.cpi
ncpp.dat
ncpp.fc
ncpp.ini
pseudo0.dat
pseudo1.dat
pseudo2.dat
xv.ncpp.ae_wfct.agr
xv.ncpp.density.agr
xv.ncpp.ps_ae_wfct.agr
xv.ncpp.pspot_i.agr
xv.ncpp.pspot_s.agr
xv.ncpp.unscreen.agr
 Call pswatch
#info ./pswatch ncpp 22:56:11 oct 22 2019 dani

fhi pseudopotential tool pslp - version rev270603B

               chemical symbol  Ta      
                nuclear charge  73.00
   number of valence electrons   5.00
      number of valence states   2
    exchange-correlation model   9  GGA X Becke C Lee/Yang/Parr             
        parameters radial mesh   563    1.024700  0.856164E-04
  input pseudopotentials up to   d

          === pseudo atom (Hartree a.u.) ===

<        n     l   occupation  eigenvalue(eV)  potential energy
<  1     1     0      2.0000       -5.2571        -1.50724
<  2     3     2      3.0000       -3.3228        -2.66184
 
                  total energy      -4.44338
                kinetic energy       3.67325
  ionic pseudopotential energy     -11.00000
                hartree energy       4.01783
                     xc energy      -1.13446
        local potential energy      -7.54106
           xc potential energy      -1.46163
    integrated valence density       5.00000
          number of iterations            48   convergence  0.0E+00
                  y range plot        -6   2   2
 
 pslp - pseudoatom done - now testing

 --- assuming scalar-relativistic all-electron atom ---

 --- s component taken as local potential ---
 --- input wavefunctions used for kb potentials ---

 --- kb potentials: spectrum of bound states (eV) ---

            l          e0            e1            e2
  Write vkb L=           0  to vkb0.dat                                . [a.u.]
  Write vkb L=           1  to vkb1.dat                                . [a.u.]
 call klbyii
 end call klbyii
semilocal   1       -1.3267        0.0000        0.0000
 call klbyii
 end call klbyii
nonlocal    1       -1.3271        0.0000        0.0000
  Write vkb L=           2  to vkb2.dat                                . [a.u.]
 call klbyii
 end call klbyii
semilocal   2       -3.3227        0.0000        0.0000
 call klbyii
 end call klbyii
nonlocal    2       -3.3227        0.0000        0.0000

 --- analysis of kb potentials: p waves  ---

 --- searching reference state ---
 & dftseq - no bound state found (iter): e=>0 n l           3           1
 note: for the local potential no bound excited p state
       is found, the ghost state analysis will assume
       a zero 1st excited state energy (variable eloc1)

 * no ghost (ekb > 0, eloc0 < eref < eloc1)
 
                     kb cosine        0.2729
                     kb energy        9.2091 eV      ekb
   local potential groundstate       -2.3562 eV    eloc0
        dto. 1st excited state        0.0000 eV    eloc1
              reference energy       -1.3324 eV     eref

 --- analysis of kb potentials: d waves  ---

 & dftseq - no bound state found (iter): e=>0 n l           3           2
 note: for the local potential no bound d state is
       found, the ghost state analysis will assume
       a zero groundstate energy (variable eloc0)

 & dftseq - no bound state found (iter): e=>0 n l           4           2
 note: for the local potential no bound excited d state
       is found, the ghost state analysis will assume
       a zero 1st excited state energy (variable eloc1)

 * no ghost (ekb < 0, eref < eloc0)
 
                     kb cosine       -0.5778
                     kb energy      -93.9686 eV      ekb
   local potential groundstate        0.0000 eV    eloc0
        dto. 1st excited state        0.0000 eV    eloc1
              reference energy       -3.3228 eV     eref

 --- logarithmic derivatives: at radius = 3.4005 ---

 --- nonlocal potentials ---
 --- all-electron potential ---
 --- semilocal potentials ---

 --- kinetic energy convergence in momentum space ---

     l  n  bracket   cutoff    norm   kinet. energy
            (eV)      (Ry)               (Hartree)
ck   0     1.0E+00      2   0.972839   0.915120E-01
ck   0     1.0E-01      5   0.998978   0.124355E+00
ck   0     1.0E-02     12   0.999950   0.127142E+00
ck   0     1.0E-03     16   0.999997   0.127453E+00
cx   0  1                   1.000000   0.127483E+00

ck   2     1.0E+00     12   0.994128   0.110503E+01
ck   2     1.0E-01     18   0.999681   0.113628E+01
ck   2     1.0E-02     40   0.999984   0.113907E+01
ck   2     1.0E-03     55   0.999999   0.113939E+01
cx   2  3                   1.000000   0.113943E+01

 --- coulomb tail of pseudopotentials ---
     Tolerance 1.0E-03 is met for
     l= 1 at radii >   3.659
     l= 2 at radii >   3.937
     l= 3 at radii >   3.659

 --- done & exiting ---
./pswatch - done: output
log.out
xv.ncpp.lder_sd.agr
qlclATOMIC.dat
vkb2.dat
vkb1.dat
vkb0.dat
lmaxNlloc.dat
 Call linear
  This code is to transform the output of psgen into
  a linear grid format.
  Ready to open ncpp.ini
 73.00  12   2   9   0.00
   1   0   0.00
   2   0   0.00
   2   0   0.00
   3   0   0.00
   3   0   0.00
   4   0   0.00
   3   1   0.00
   4   0   0.00
   5   0   0.00
   4   1   0.00
   5   0   0.00
   4   1   0.00
   6   0   0.00
   5   0   0.00
 Lmax =           2
 PP =  
  get lmax and L_loc from lmaxNlloc.dat
  lmax=           2  L_loc=           0
           0  pseudo0.dat                   vpplinear0.dat                
 psilinear0.dat                
           1  pseudo1.dat                   vpplinear1.dat                
 psilinear1.dat                
           2  pseudo2.dat                   vpplinear2.dat                
 psilinear2.dat                
 	First: local part vpplinear_loc.dat   
   read from foutl(l_loc)=pseudo0.dat                   
  Ready to open 21
   
  read in nr points=         564
  rmax=   40.8812216366854       in Ang units.
  Ready to open 22
  Ready to open 23
  
 	Second: non-local part 
   
  
  L value=           0
  This is local. We set vnl=0
 		vpplinear0.dat                
  Ready to open New 21
   
  read in nr points=         564
  rmax=   40.8812216366854       in Ang units.
  Ready to open 12
  
  L value=           1
 		vpplinear1.dat                
  Ready to open New 21
   
  read in nr points=         564
  rmax=   40.8812216366854       in Ang units.
  Ready to open 12
  
  L value=           2
 		vpplinear2.dat                
  Ready to open New 21
   
  read in nr points=         564
  rmax=   40.8812216366854       in Ang units.
  Ready to open 12
   
  Done with linear. Bye now.
   
   
                       WELCOME
  PROGRAM QLG grid: Bessel transform of NON-LOCAL separable QL potential
   
  
  cl(L)=  0.000000000000000E+000  1/Hartree
  cl(L)=   39.6718335000000       1/Hartree
  cl(L)= -0.867317700000000       1/Hartree
   LOK=           2
  We read in to L=           2
  Now convert to 1/eV and write to qlcl.dat
  cl(L)=  0.000000000000000E+000
  cl(L)=   1.45790182718655     
  cl(L)= -3.187309352821403E-002
  
   
  Begin Next L value.......................
  L=           0
   
  Use one of the QL data files output from gncpp
  the files are ppkb0.dat or ppkb1.dat or ....
  UPDATE: This program was updated June 25, 1992
  We now read in eV-A units of everything from
  gncpp.f --- No conversions need to be made here!
  vkb0.dat                      
   
  we read in ql(r) in atomic units.
  We now convert to eV,A.
  rLOG(i),qlrLOG=  8.561643835616400E-005  0.000000000000000E+000
  rLOG(i),qlrLOG=  8.773116438356200E-005  0.000000000000000E+000
   
  read in nr points=         564
  rmax=   40.8812216366854       in Ang units.
 L =           0   JJ: NO FF Transform now
   
  Begin Next L value.......................
  L=           1
   
  Use one of the QL data files output from gncpp
  the files are ppkb0.dat or ppkb1.dat or ....
  UPDATE: This program was updated June 25, 1992
  We now read in eV-A units of everything from
  gncpp.f --- No conversions need to be made here!
  vkb1.dat                      
   
  we read in ql(r) in atomic units.
  We now convert to eV,A.
  rLOG(i),qlrLOG=  8.561643835616400E-005 -6.846592816517076E-010
  rLOG(i),qlrLOG=  8.773116438356200E-005 -7.188991555717214E-010
   
  read in nr points=         564
  rmax=   40.8812216366854       in Ang units.
 L =           1   JJ: NO FF Transform now
   
  Begin Next L value.......................
  L=           2
   
  Use one of the QL data files output from gncpp
  the files are ppkb0.dat or ppkb1.dat or ....
  UPDATE: This program was updated June 25, 1992
  We now read in eV-A units of everything from
  gncpp.f --- No conversions need to be made here!
  vkb2.dat                      
   
  we read in ql(r) in atomic units.
  We now convert to eV,A.
  rLOG(i),qlrLOG=  8.561643835616400E-005 -1.696060608459945E-012
  rLOG(i),qlrLOG=  8.773116438356200E-005 -1.824868512997666E-012
   
  read in nr points=         564
  rmax=   40.8812216366854       in Ang units.
 L =           2   JJ: NO FF Transform now
   
  Welcome to mk_pseudoFile.x
  This writes out the final XXX.pp file.
  E.g. 014.pp etc.
   
  Read lmax,L_loc, and L-values from lmaxNlloc.dat
           6           0   2.000000    
           5           2   3.000000    
  The OUTPUT file:
  It will have a name like 014.pp (Si), 003.pp (Li)
  The output file is:073.pp                        
 nshells =            2
  reading V_local (r):
  ic=       10000
  isafe=         855
  A very close approximation to Z is   5.000011    
  rsafe=   3.491605    
  alpha=   1.145605    
  Reading and saving V_NL(l) (SR)
 L=1 Npoint=  680
 L=2 Npoint=  500
  Reading V^(KB) information
  Reading and saving V^KB(l) (SR)
 L=1 Npoint=  670 cl=     1.4579018
 L=2 Npoint=  490 cl=    -0.0318731
   
  *******************************************
   
  Done with mk_pseudoFile.x
  The OUTPUT file:
  The output file is:073.pp                        
   
  *******************************************
